[debug] [2023-06-14T01:45:54.924Z] ----------------------------------------------------------------------
[debug] [2023-06-14T01:45:54.926Z] Command:       C:\Program Files\nodejs\node.exe C:\Users\gabri\AppData\Roaming\npm\node_modules\firebase-tools\lib\bin\firebase.js init
[debug] [2023-06-14T01:45:54.927Z] CLI Version:   12.3.1
[debug] [2023-06-14T01:45:54.927Z] Platform:      win32
[debug] [2023-06-14T01:45:54.928Z] Node Version:  v16.18.0
[debug] [2023-06-14T01:45:54.929Z] Time:          Tue Jun 13 2023 22:45:54 GMT-0300 (Horário Padrão de Brasília)
[debug] [2023-06-14T01:45:54.929Z] ----------------------------------------------------------------------
[debug] 
[debug] [2023-06-14T01:45:54.941Z] > command requires scopes: ["email","openid","https://www.googleapis.com/auth/cloudplatformprojects.readonly","https://www.googleapis.com/auth/firebase","https://www.googleapis.com/auth/cloud-platform"]
[debug] [2023-06-14T01:45:54.942Z] > authorizing via signed-in user (quaddra123@gmail.com)
[info] 
     ######## #### ########  ######## ########     ###     ######  ########
     ##        ##  ##     ## ##       ##     ##  ##   ##  ##       ##
     ######    ##  ########  ######   ########  #########  ######  ######
     ##        ##  ##    ##  ##       ##     ## ##     ##       ## ##
     ##       #### ##     ## ######## ########  ##     ##  ######  ########

You're about to initialize a Firebase project in this directory:

  C:\Users\gabri\OneDrive\Área de Trabalho\Quaddra-Backend-Backend

[info] 
=== Project Setup
[info] 
[info] First, let's associate this project directory with a Firebase project.
[info] You can create multiple project aliases by running firebase use --add, 
[info] but for now we'll just set up a default project.
[info] 
[debug] [2023-06-14T01:46:34.461Z] >>> [apiv2][query] GET https://firebase.googleapis.com/v1beta1/projects pageSize=100
[debug] [2023-06-14T01:46:35.160Z] <<< [apiv2][status] GET https://firebase.googleapis.com/v1beta1/projects 200
[debug] [2023-06-14T01:46:35.160Z] <<< [apiv2][body] GET https://firebase.googleapis.com/v1beta1/projects [omitted]
[info] i  Using project quaddra-50098 (Quaddra) 
[info] 
=== Hosting Setup
[info] 
[info] Your public directory is the folder (relative to your project directory) that
[info] will contain Hosting assets to be uploaded with firebase deploy. If you
[info] have a build process for your assets, use your build's output directory.
[info] 
